Arguments: 
  /Users/lizhiliang/.nvm/versions/node/v12.19.0/bin/node /usr/local/bin/yarn add vant@next -S

PATH: 
  /Library/Java/JavaVirtualMachines/jdk1.8.0_181.jdk/Contents/Home/bin:/Users/lizhiliang/.nvm/versions/node/v12.19.0/bin:/Library/Frameworks/Python.framework/Versions/3.6/bin:/usr/local/mongodb/bin:/usr/local/bin:/usr/bin:/bin:/usr/sbin:/sbin:/Library/Apple/usr/bin:/opt/ImageMagick/bin:/Library/Java/JavaVirtualMachines/jdk1.8.0_181.jdk/Contents/Home/bin:/Library/Frameworks/Python.framework/Versions/3.6/bin:/usr/local/mongodb/bin:/usr/local/mysql/bin:/gradle-3.1/bin:/Users/lizhiliang/Library/Android/sdk/tools:/Users/lizhiliang/Library/Android/sdk/platform-toolsexport:/usr/local/mysql/bin::/gradle-3.1/bin:/Users/lizhiliang/Library/Android/sdk/tools:/Users/lizhiliang/Library/Android/sdk/platform-toolsexport

Yarn version: 
  1.3.2

Node version: 
  12.19.0

Platform: 
  darwin x64

npm manifest: 
  {
    "name": "vant-v3",
    "license": "MIT",
    "version": "0.0.0",
    "scripts": {
      "dev": "vite",
      "build": "vite build"
    },
    "dependencies": {
      "vue": "^3.0.0-rc.1",
      "vue-router": "^4.0.0-rc.1"
    },
    "devDependencies": {
      "vite": "^1.0.0-rc.1",
      "@vue/compiler-sfc": "^3.0.0-rc.1"
    }
  }

yarn manifest: 
  No manifest

Lockfile: 
  No lockfile

Trace: 
  Error: https://registry.npmjs.org/@vue%2fruntime-dom: ETIMEDOUT
      at Timeout._onTimeout (/usr/local/lib/node_modules/yarn/lib/cli.js:123749:19)
      at listOnTimeout (internal/timers.js:554:17)
      at processTimers (internal/timers.js:497:7)
